==========================================================================
Run ID: 35more_2_of4__IDA_h2__t15___May14-2021_04-39-57AM
Input file: input/35_of_k100__10xor20xor25/k35_2_of_4.txt
Result file: output/35more_2_of4__IDA_h2__t15___May14-2021_04-39-57AM.json
==========================================================================

Puzzle: 15-puzzle

SEARCH ALGORITHM: 	IDA*
HEURISTIC: 		manhattan
Timeout: 		15 m

Goal state: zero_first
==========================================================================

 
SYSTEM:
{
  "platform": "Linux",
  "platform-release": "5.4.0-42-generic",
  "platform-version": "#46-Ubuntu SMP Fri Jul 10 00:24:02 UTC 2020",
  "architecture": "x86_64",
  "hostname": "csel-kh4250-26",
  "ip-address": "127.0.0.1",
  "mac-address": "21:d6:80:56:7b:a5",
  "processor": "x86_64",
  "ram": "31 GB"
}
==========================================================================

note:
	for A*:
	  - space complexity = nodes generated
	  - time complexity = nodes generated
		
	for IDA*:
	  - space complexity = max path length
	  - time complexity: nodes generated

==========================================================================

 Processed 9 inputs in  1.0 h 2.0 m 36.61 s
................................................................................

  9 of 9 inputs processed successfully
................................................................................
Max RSS (of wrapper and all runs): 680.00KB
Keep in mind all results are held in memory and are dumped to json at the end.  
