==========================================================================
Run ID: 35more_3_of4__IDA-R_h3__t15___May14-2021_05-58-51AM
Input file: input/35_of_k100__10xor20xor25/k35_3_of_4.txt
Result file: output/35more_3_of4__IDA-R_h3__t15___May14-2021_05-58-51AM.json
==========================================================================

Puzzle: 15-puzzle

SEARCH ALGORITHM: 	IDA*-R
HEURISTIC: 		linearconflicts
Timeout: 		15 m

Goal state: zero_first
==========================================================================

 
SYSTEM:
{
  "platform": "Linux",
  "platform-release": "5.8.0-43-generic",
  "platform-version": "#49~20.04.1-Ubuntu SMP Fri Feb 5 09:57:56 UTC 2021",
  "architecture": "x86_64",
  "hostname": "csel-kh4250-02",
  "ip-address": "127.0.0.1",
  "mac-address": "b3:a6:9d:a5:20:80",
  "processor": "x86_64",
  "ram": "31 GB"
}
==========================================================================

note:
	for A*:
	  - space complexity = nodes generated
	  - time complexity = nodes generated
		
	for IDA*:
	  - space complexity = max path length
	  - time complexity: nodes generated

==========================================================================

 Processed 9 inputs in  1.0 h 10.0 m 12.90 s
................................................................................

  9 of 9 inputs processed successfully
................................................................................
Max RSS (of wrapper and all runs): 736.00KB
Keep in mind all results are held in memory and are dumped to json at the end.  
