==========================================================================
Run ID: 35more_1_of_4__IDA_h3__t15___May14-2021_05-28-35AM
Input file: input/35_of_k100__10xor20xor25/k35_1_of_4.txt
Result file: output/35more_1_of_4__IDA_h3__t15___May14-2021_05-28-35AM.json
==========================================================================

Puzzle: 15-puzzle

SEARCH ALGORITHM: 	IDA*
HEURISTIC: 		linearconflicts
Timeout: 		15 m

Goal state: zero_first
==========================================================================

 
SYSTEM:
{
  "platform": "Linux",
  "platform-release": "5.4.0-73-generic",
  "platform-version": "#82-Ubuntu SMP Wed Apr 14 17:39:42 UTC 2021",
  "architecture": "x86_64",
  "hostname": "csel-kh4250-12",
  "ip-address": "127.0.0.1",
  "mac-address": "63:90:01:35:43:68",
  "processor": "x86_64",
  "ram": "31 GB"
}
==========================================================================

note:
	for A*:
	  - space complexity = nodes generated
	  - time complexity = nodes generated
		
	for IDA*:
	  - space complexity = max path length
	  - time complexity: nodes generated

==========================================================================

 Processed 9 inputs in  1.0 h 4.0 m 38.36 s
................................................................................

  9 of 9 inputs processed successfully
................................................................................
Max RSS (of wrapper and all runs): 744.00KB
Keep in mind all results are held in memory and are dumped to json at the end.  
