==========================================================================
Run ID: 35more_3_of4__IDA-R_h2__t15___May14-2021_05-50-55AM
Input file: input/35_of_k100__10xor20xor25/k35_3_of_4.txt
Result file: output/35more_3_of4__IDA-R_h2__t15___May14-2021_05-50-55AM.json
==========================================================================

Puzzle: 15-puzzle

SEARCH ALGORITHM: 	IDA*-R
HEURISTIC: 		manhattan
Timeout: 		15 m

Goal state: zero_first
==========================================================================

 
SYSTEM:
{
  "platform": "Linux",
  "platform-release": "5.4.0-65-generic",
  "platform-version": "#73-Ubuntu SMP Mon Jan 18 17:25:17 UTC 2021",
  "architecture": "x86_64",
  "hostname": "csel-kh4250-18",
  "ip-address": "127.0.0.1",
  "mac-address": "a5:50:20:2c:78:5d",
  "processor": "x86_64",
  "ram": "31 GB"
}
==========================================================================

note:
	for A*:
	  - space complexity = nodes generated
	  - time complexity = nodes generated
		
	for IDA*:
	  - space complexity = max path length
	  - time complexity: nodes generated

==========================================================================

