==========================================================================
Run ID: last67_IDA-R_h3__notimeout___justforfun___May14-2021_06-38-06AM
Input file: korf100_remaining67.txt
Result file: output/last67_IDA-R_h3__notimeout___justforfun___May14-2021_06-38-06AM.json
==========================================================================

Puzzle: 15-puzzle

SEARCH ALGORITHM: 	IDA*-R
HEURISTIC: 		linearconflicts
Timeout: 		None

Goal state: zero_first
==========================================================================

 
SYSTEM:
{
  "platform": "Linux",
  "platform-release": "5.4.0-73-generic",
  "platform-version": "#82-Ubuntu SMP Wed Apr 14 17:39:42 UTC 2021",
  "architecture": "x86_64",
  "hostname": "csel-kh4250-12",
  "ip-address": "127.0.0.1",
  "mac-address": "63:90:01:35:43:68",
  "processor": "x86_64",
  "ram": "31 GB"
}
==========================================================================

note:
	for A*:
	  - space complexity = nodes generated
	  - time complexity = nodes generated
		
	for IDA*:
	  - space complexity = max path length
	  - time complexity: nodes generated

==========================================================================

