==========================================================================
Run ID: last67_IDA_h3__notimeout___justforfun___May14-2021_06-11-38AM
Input file: korf100_remaining67.txt
Result file: output/last67_IDA_h3__notimeout___justforfun___May14-2021_06-11-38AM.json
==========================================================================

Puzzle: 15-puzzle

SEARCH ALGORITHM: 	IDA*
HEURISTIC: 		linearconflicts
Timeout: 		None

Goal state: zero_first
==========================================================================

 
SYSTEM:
{
  "platform": "Linux",
  "platform-release": "5.4.0-71-generic",
  "platform-version": "#79-Ubuntu SMP Wed Mar 24 10:56:57 UTC 2021",
  "architecture": "x86_64",
  "hostname": "csel-kh4250-28",
  "ip-address": "127.0.0.1",
  "mac-address": "e7:81:f3:c2:ae:b3",
  "processor": "x86_64",
  "ram": "31 GB"
}
==========================================================================

note:
	for A*:
	  - space complexity = nodes generated
	  - time complexity = nodes generated
		
	for IDA*:
	  - space complexity = max path length
	  - time complexity: nodes generated

==========================================================================

