==========================================================================
Run ID: 35more_2_of_4__IDA_h3__t15___May14-2021_05-31-36AM
Input file: input/35_of_k100__10xor20xor25/k35_2_of_4.txt
Result file: output/35more_2_of_4__IDA_h3__t15___May14-2021_05-31-36AM.json
==========================================================================

Puzzle: 15-puzzle

SEARCH ALGORITHM: 	IDA*
HEURISTIC: 		linearconflicts
Timeout: 		15 m

Goal state: zero_first
==========================================================================

 
SYSTEM:
{
  "platform": "Linux",
  "platform-release": "5.4.0-67-generic",
  "platform-version": "#75-Ubuntu SMP Fri Feb 19 18:03:38 UTC 2021",
  "architecture": "x86_64",
  "hostname": "csel-kh4250-13",
  "ip-address": "127.0.0.1",
  "mac-address": "67:df:0a:77:5a:86",
  "processor": "x86_64",
  "ram": "31 GB"
}
==========================================================================

note:
	for A*:
	  - space complexity = nodes generated
	  - time complexity = nodes generated
		
	for IDA*:
	  - space complexity = max path length
	  - time complexity: nodes generated

==========================================================================

 Processed 9 inputs in  43.0 m 47.29 s
................................................................................

  9 of 9 inputs processed successfully
................................................................................
Max RSS (of wrapper and all runs): 728.00KB
Keep in mind all results are held in memory and are dumped to json at the end.  
