==========================================================================
Run ID: 35more_3_of_4__IDA_h2__t15___May14-2021_04-45-48AM
Input file: input/35_of_k100__10xor20xor25/k35_3_of_4.txt
Result file: output/35more_3_of_4__IDA_h2__t15___May14-2021_04-45-48AM.json
==========================================================================

Puzzle: 15-puzzle

SEARCH ALGORITHM: 	IDA*
HEURISTIC: 		manhattan
Timeout: 		15 m

Goal state: zero_first
==========================================================================

 
SYSTEM:
{
  "platform": "Linux",
  "platform-release": "5.4.0-71-generic",
  "platform-version": "#79-Ubuntu SMP Wed Mar 24 10:56:57 UTC 2021",
  "architecture": "x86_64",
  "hostname": "csel-kh4250-28",
  "ip-address": "127.0.0.1",
  "mac-address": "e7:81:f3:c2:ae:b3",
  "processor": "x86_64",
  "ram": "31 GB"
}
==========================================================================

note:
	for A*:
	  - space complexity = nodes generated
	  - time complexity = nodes generated
		
	for IDA*:
	  - space complexity = max path length
	  - time complexity: nodes generated

==========================================================================

 Processed 9 inputs in  1.0 h 17.0 m 25.32 s
................................................................................

  9 of 9 inputs processed successfully
................................................................................
Max RSS (of wrapper and all runs): 688.00KB
Keep in mind all results are held in memory and are dumped to json at the end.  
