==========================================================================
Run ID: 10korf_IDA_h2___May12-2021_03-48-19PM
Input file: input/10_of_korf100_every10th.txt
Result file: output/10korf_IDA_h2___May12-2021_03-48-19PM.json
==========================================================================

Puzzle: 15-puzzle

SEARCH ALGORITHM: 	IDA*
HEURISTIC: 		manhattan
Timeout: 		9 m

Goal state: zero_first
==========================================================================

 
SYSTEM:
{
  "platform": "Linux",
  "platform-release": "5.4.0-72-generic",
  "platform-version": "#80-Ubuntu SMP Mon Apr 12 17:35:00 UTC 2021",
  "architecture": "x86_64",
  "hostname": "csel-kh4250-27",
  "ip-address": "127.0.0.1",
  "mac-address": "2b:26:19:27:36:b2",
  "processor": "x86_64",
  "ram": "31 GB"
}
==========================================================================

note:
	for A*:
	  - space complexity = nodes generated
	  - time complexity = nodes generated
		
	for IDA*:
	  - space complexity = max path length
	  - time complexity: nodes generated

==========================================================================



 🏁 processed 10 inputs in  1.0 h 5.0 m 30.61 s
........................................................................

  10 of 10 inputs processed successfully
........................................................................
Max RSS (of wrapper and all runs): 612.00KB
Keep in mind all results are held in memory and are dumped to json at the end.  
