==========================================================================
Run ID: 10MOREkorf_IDA_h3___May12-2021_05-03-36PM
Input file: input/10more_korf100_10xor20.txt
Result file: output/10MOREkorf_IDA_h3___May12-2021_05-03-36PM.json
==========================================================================

Puzzle: 15-puzzle

SEARCH ALGORITHM: 	IDA*
HEURISTIC: 		linearconflicts
Timeout: 		51 m

Goal state: zero_first
==========================================================================

 
SYSTEM:
{
  "platform": "Linux",
  "platform-release": "5.4.0-71-generic",
  "platform-version": "#79-Ubuntu SMP Wed Mar 24 10:56:57 UTC 2021",
  "architecture": "x86_64",
  "hostname": "csel-kh4250-28",
  "ip-address": "127.0.0.1",
  "mac-address": "e7:81:f3:c2:ae:b3",
  "processor": "x86_64",
  "ram": "31 GB"
}
==========================================================================

note:
	for A*:
	  - space complexity = nodes generated
	  - time complexity = nodes generated
		
	for IDA*:
	  - space complexity = max path length
	  - time complexity: nodes generated

==========================================================================



 🏁 processed 10 inputs in  50.0 m 32.09 s
........................................................................

  10 of 10 inputs processed successfully
........................................................................
Max RSS (of wrapper and all runs): 348.00KB
Keep in mind all results are held in memory and are dumped to json at the end.  
