==========================================================================
Run ID: 80_ida_h3___08-26-2021_07-12-59PM
Input file: input/KORF80.txt
Result file: output/80_ida_h3___08-26-2021_07-12-59PM.json
==========================================================================

Puzzle: 15-puzzle

SEARCH ALGORITHM: 	IDA*
HEURISTIC: 		linearconflicts
Timeout: 		None

Goal state: zero_first
==========================================================================

 
SYSTEM:
{
  "platform": "Linux",
  "platform-release": "4.14.243-185.433.amzn2.x86_64",
  "platform-version": "#1 SMP Mon Aug 9 05:55:52 UTC 2021",
  "architecture": "x86_64",
  "hostname": "ip-172-31-24-69.us-east-2.compute.internal",
  "ip-address": "172.31.24.69",
  "mac-address": "06:e0:ee:a0:36:a2",
  "processor": "x86_64",
  "cpu count (vCPUs):": "64",
  "ram": "125 GB"
}
==========================================================================

note:
	for A*:
	  - space complexity = nodes generated
	  - time complexity = nodes generated
		
	for IDA*:
	  - space complexity = max path length
	  - time complexity: nodes generated

==========================================================================

 Processed <Synchronized wrapper for c_int(0)> inputs in  2.0 h 11.0 m 24.55 s
................................................................................

  <Synchronized wrapper for c_int(0)> or 80 inputs failed (had errors)
  <Synchronized wrapper for c_int(0)> of 80 inputs processed successfully
................................................................................
Max RSS (of wrapper and all runs): 2.39MB
Keep in mind all results are held in memory and are dumped to json at the end.  
